<?xml version="1.0" encoding="UTF-8"?>
<!-- Generated by org.testng.reporters.JUnitReportReporter -->
<testsuite hostname="user1-PC" name="com.yukthi.tools.db.test.TFileDataMigTest" tests="1" failures="0" timestamp="15 Jun 2016 09:08:12 GMT" time="0.031" errors="0">
  <testcase name="testReadDataFromFile" time="0.031" classname="com.yukthi.tools.db.test.TFileDataMigTest"/>
</testsuite> <!-- com.yukthi.tools.db.test.TFileDataMigTest -->
