<?xml version="1.0" encoding="UTF-8"?>
<!-- Generated by org.testng.reporters.JUnitReportReporter -->
<testsuite hostname="user1-PC" name="com.yukthi.tools.db.test.TableDataMigTest" tests="1" failures="0" timestamp="10 Jun 2016 05:49:53 GMT" time="0.100" errors="0">
  <testcase name="saveRecords" time="0.100" classname="com.yukthi.tools.db.test.TableDataMigTest"/>
</testsuite> <!-- com.yukthi.tools.db.test.TableDataMigTest -->
