<?xml version="1.0" encoding="UTF-8"?>
<!-- Generated by org.testng.reporters.JUnitReportReporter -->
<testsuite hostname="user1-PC" name="com.yukthi.tools.db.test.TDataMigTest" tests="1" failures="0" timestamp="15 Jun 2016 09:10:03 GMT" time="1.995" errors="0">
  <testcase name="testDataMig" time="1.995" classname="com.yukthi.tools.db.test.TDataMigTest"/>
</testsuite> <!-- com.yukthi.tools.db.test.TDataMigTest -->
