<?xml version="1.0" encoding="UTF-8"?>
<!-- Generated by org.testng.reporters.JUnitReportReporter -->
<testsuite hostname="user1-PC" name="com.yukthi.tools.db.test.TTableDataMigTest" tests="1" failures="0" timestamp="15 Jun 2016 09:02:33 GMT" time="0.141" errors="0">
  <testcase name="testReadDataFromTable" time="0.141" classname="com.yukthi.tools.db.test.TTableDataMigTest"/>
</testsuite> <!-- com.yukthi.tools.db.test.TTableDataMigTest -->
